<?xml version="1.0" encoding="UTF-8"?>
<!-- Generated by org.testng.reporters.JUnitXMLReporter -->
<testsuite ignored="0" hostname="DESKTOP-N1JAA3B" failures="1" tests="1" name="NSEINDIA Automation Test" time="36.067" errors="0" timestamp="2024-05-23T16:23:32 IST">
  <testcase classname="com.firstorg.nseindia.test.TestDailyMarketReports" name="dailyMarketReportsValidation" time="14.941">
    <failure type="java.lang.AssertionError" message="Error during equitiesLabelIsDisplayed Execution, exception: &amp;lt;br&amp;gt;Cannot invoke &amp;quot;org.openqa.selenium.WebElement.isDisplayed()&amp;quot; because &amp;quot;element&amp;quot; is null">
      <![CDATA[java.lang.AssertionError: Error during equitiesLabelIsDisplayed Execution, exception: <br>Cannot invoke "org.openqa.selenium.WebElement.isDisplayed()" because "element" is null
at com.firstorg.nseindia.pageobjects.AllReportsPage.equitiesLabelIsDisplayed(AllReportsPage.java:106)
at com.firstorg.nseindia.test.TestDailyMarketReports.dailyMarketReportsValidation(TestDailyMarketReports.java:73)
at java.base/java.util.ArrayList.forEach(ArrayList.java:1511)
... Removed 28 stack frames]]>
    </failure>
  </testcase> <!-- dailyMarketReportsValidation -->
</testsuite> <!-- NSEINDIA Automation Test -->
