<?xml version="1.0" encoding="UTF-8"?>
<testsuite xmlns:xsi="http://www.w3.org/2001/XMLSchema-instance" xsi:noNamespaceSchemaLocation="https://maven.apache.org/surefire/maven-surefire-plugin/xsd/surefire-test-report-3.0.xsd" version="3.0" name="TestSuite" time="46.909" tests="1" errors="0" skipped="0" failures="1">
  <properties>
[...]
</properties>
  <testcase name="dailyMarketReportsValidation" classname="com.firstorg.nseindia.test.TestDailyMarketReports" time="16.367">
    <failure message="Error during equitiesLabelIsDisplayed Execution, exception: &lt;br&gt;Cannot invoke &quot;org.openqa.selenium.WebElement.isDisplayed()&quot; because &quot;element&quot; is null" type="java.lang.AssertionError"><![CDATA[java.lang.AssertionError: Error during equitiesLabelIsDisplayed Execution, exception: <br>Cannot invoke "org.openqa.selenium.WebElement.isDisplayed()" because "element" is null
	at com.firstorg.nseindia.test.TestDailyMarketReports.dailyMarketReportsValidation(TestDailyMarketReports.java:73)
]]></failure>
    <system-out><![CDATA[[INFO] 2024-05-23 16:19:16.546 com.firstorg.nseindia.reports.TestListeners - *** Test Suite NSEINDIA Automation Test started ***
[INFO] 2024-05-23 16:19:17.030 com.firstorg.nseindia.utility.SetupTestDriver - Browser in Test- Chrome
[INFO] 2024-05-23 16:19:25.084 com.firstorg.nseindia.utility.Library - Navigating to URL https://www.nseindia.com/
[DEBUG] 2024-05-23 16:19:35.324 com.firstorg.nseindia.utility.WaitClass - Calling untilJqueryIsDone
[INFO] 2024-05-23 16:19:38.128 com.firstorg.nseindia.utility.Library - Opened URL
[INFO] 2024-05-23 16:19:38.129 com.firstorg.nseindia.utility.Library - Maximizing the browser window
[INFO] 2024-05-23 16:19:40.309 com.firstorg.nseindia.test.TestDailyMarketReports - Daily Market Reports Validation Test has been Started
[INFO] 2024-05-23 16:19:40.312 com.firstorg.nseindia.test.TestDailyMarketReports - Validating that system has successfully naigated to home page
[INFO] 2024-05-23 16:19:40.313 com.firstorg.nseindia.pageobjects.HomePage - Validating home page visiblity
[INFO] 2024-05-23 16:19:40.313 com.firstorg.nseindia.pageobjects.HomePage - Initialize web element
[INFO] 2024-05-23 16:19:40.314 com.firstorg.nseindia.utility.Library - User is about to identifying the webelement
[INFO] 2024-05-23 16:19:40.392 com.firstorg.nseindia.utility.WaitClass - Waiting for visibility of web elements
[INFO] 2024-05-23 16:19:40.461 com.firstorg.nseindia.utility.WaitClass - System waited explicitly for the web element
[INFO] 2024-05-23 16:19:40.462 com.firstorg.nseindia.utility.Library - User is verifying the visibility of element
[INFO] 2024-05-23 16:19:42.516 com.firstorg.nseindia.pageobjects.HomePage - System is able to verify the home page visiblity
[INFO] 2024-05-23 16:19:42.516 com.firstorg.nseindia.test.TestDailyMarketReports - System is navigating to Daily Market Reports/All Reports page
[INFO] 2024-05-23 16:19:42.517 com.firstorg.nseindia.pageobjects.HomePage - Navigating to all reports page
[INFO] 2024-05-23 16:19:42.517 com.firstorg.nseindia.pageobjects.HomePage - Initialized web elements
[INFO] 2024-05-23 16:19:42.517 com.firstorg.nseindia.utility.Library - User is about to identifying the webelement
[INFO] 2024-05-23 16:19:42.619 com.firstorg.nseindia.utility.Library - User is about to identifying the webelement
[INFO] 2024-05-23 16:19:42.677 com.firstorg.nseindia.utility.Library - User is about to identifying the webelement
[ERROR] 2024-05-23 16:19:42.781 com.firstorg.nseindia.utility.Library - no such element: Unable to locate element: {"method":"xpath","selector":"//*[text()="Get Market Data"]/following-sibling::ul//*[text()="Daily Market Reports"]"}
  (Session info: chrome=124.0.6367.210)
For documentation on this error, please visit: https://www.selenium.dev/documentation/webdriver/troubleshooting/errors#no-such-element-exception
Build info: version: '4.18.1', revision: 'b1d3319b48'
System info: os.name: 'Windows 10', os.arch: 'amd64', os.version: '10.0', java.version: '17.0.7'
Driver info: org.openqa.selenium.chrome.ChromeDriver
Command: [dae41a33b2b9a4fdf2319dea97bd9b25, findElement {using=xpath, value=//*[text()="Get Market Data"]/following-sibling::ul//*[text()="Daily Market Reports"]}]
Capabilities {acceptInsecureCerts: false, browserName: chrome, browserVersion: 124.0.6367.210, chrome: {chromedriverVersion: 124.0.6367.207 (a9001a6e39f..., userDataDir: C:\Users\Kashish\AppData\Lo...}, fedcm:accounts: true, goog:chromeOptions: {debuggerAddress: localhost:55316}, networkConnectionEnabled: false, pageLoadStrategy: normal, platformName: windows, proxy: Proxy(), se:cdp: ws://localhost:55316/devtoo..., se:cdpVersion: 124.0.6367.210, setWindowRect: true, strictFileInteractability: false, timeouts: {implicit: 0, pageLoad: 300000, script: 30000}, unhandledPromptBehavior: dismiss and notify, webauthn:extension:credBlob: true, webauthn:extension:largeBlob: true, webauthn:extension:minPinLength: true, webauthn:extension:prf: true, webauthn:virtualAuthenticators: true}
Session ID: dae41a33b2b9a4fdf2319dea97bd9b25
[INFO] 2024-05-23 16:19:42.782 com.firstorg.nseindia.utility.Library - User is verifying the visibility of element
[INFO] 2024-05-23 16:19:42.828 com.firstorg.nseindia.pageobjects.HomePage - Market Data list is displayed.
[INFO] 2024-05-23 16:19:42.829 com.firstorg.nseindia.utility.Library - User is about to click on element
[INFO] 2024-05-23 16:19:43.329 com.firstorg.nseindia.pageobjects.HomePage - System has clicked on Market Data list item.
[INFO] 2024-05-23 16:19:46.347 com.firstorg.nseindia.utility.Library - User is verifying the visibility of element
[INFO] 2024-05-23 16:19:46.432 com.firstorg.nseindia.pageobjects.HomePage - Get Daily Market heading is displayed.
[INFO] 2024-05-23 16:19:46.433 com.firstorg.nseindia.utility.Library - User is about to click on element
[INFO] 2024-05-23 16:19:50.915 com.firstorg.nseindia.pageobjects.HomePage - System has clicked on Get Daily Market heading.
[INFO] 2024-05-23 16:19:55.920 com.firstorg.nseindia.utility.Library - User is verifying the visibility of element
[ERROR] 2024-05-23 16:19:55.920 com.firstorg.nseindia.utility.Library - Cannot invoke "org.openqa.selenium.WebElement.isDisplayed()" because "element" is null
[INFO] 2024-05-23 16:19:55.923 com.firstorg.nseindia.pageobjects.HomePage - Daily Market report label is displayed.
[INFO] 2024-05-23 16:19:55.925 com.firstorg.nseindia.utility.Library - User is about to click on element
[INFO] 2024-05-23 16:19:55.926 com.firstorg.nseindia.pageobjects.HomePage - System has clicked on Daily Market report label.
[INFO] 2024-05-23 16:19:55.927 com.firstorg.nseindia.test.TestDailyMarketReports - System is verifying that Equities & SME label is displayed
[INFO] 2024-05-23 16:19:55.928 com.firstorg.nseindia.pageobjects.AllReportsPage - Validating all report page visiblity
[INFO] 2024-05-23 16:19:55.928 com.firstorg.nseindia.pageobjects.AllReportsPage - Initialized web elements
[INFO] 2024-05-23 16:19:55.928 com.firstorg.nseindia.utility.Library - User is about to identifying the webelement
[ERROR] 2024-05-23 16:19:56.040 com.firstorg.nseindia.utility.Library - no such element: Unable to locate element: {"method":"xpath","selector":"//h1[contains(text(),'All Reports')]"}
  (Session info: chrome=124.0.6367.210)
For documentation on this error, please visit: https://www.selenium.dev/documentation/webdriver/troubleshooting/errors#no-such-element-exception
Build info: version: '4.18.1', revision: 'b1d3319b48'
System info: os.name: 'Windows 10', os.arch: 'amd64', os.version: '10.0', java.version: '17.0.7'
Driver info: org.openqa.selenium.chrome.ChromeDriver
Command: [dae41a33b2b9a4fdf2319dea97bd9b25, findElement {using=xpath, value=//h1[contains(text(),'All Reports')]}]
Capabilities {acceptInsecureCerts: false, browserName: chrome, browserVersion: 124.0.6367.210, chrome: {chromedriverVersion: 124.0.6367.207 (a9001a6e39f..., userDataDir: C:\Users\Kashish\AppData\Lo...}, fedcm:accounts: true, goog:chromeOptions: {debuggerAddress: localhost:55316}, networkConnectionEnabled: false, pageLoadStrategy: normal, platformName: windows, proxy: Proxy(), se:cdp: ws://localhost:55316/devtoo..., se:cdpVersion: 124.0.6367.210, setWindowRect: true, strictFileInteractability: false, timeouts: {implicit: 0, pageLoad: 300000, script: 30000}, unhandledPromptBehavior: dismiss and notify, webauthn:extension:credBlob: true, webauthn:extension:largeBlob: true, webauthn:extension:minPinLength: true, webauthn:extension:prf: true, webauthn:virtualAuthenticators: true}
Session ID: dae41a33b2b9a4fdf2319dea97bd9b25
[INFO] 2024-05-23 16:19:56.064 com.firstorg.nseindia.utility.Library - User is about to identifying the webelement
[ERROR] 2024-05-23 16:19:56.120 com.firstorg.nseindia.utility.Library - no such element: Unable to locate element: {"method":"xpath","selector":"//*[contains(text(),'Equities & SME')]"}
  (Session info: chrome=124.0.6367.210)
For documentation on this error, please visit: https://www.selenium.dev/documentation/webdriver/troubleshooting/errors#no-such-element-exception
Build info: version: '4.18.1', revision: 'b1d3319b48'
System info: os.name: 'Windows 10', os.arch: 'amd64', os.version: '10.0', java.version: '17.0.7'
Driver info: org.openqa.selenium.chrome.ChromeDriver
Command: [dae41a33b2b9a4fdf2319dea97bd9b25, findElement {using=xpath, value=//*[contains(text(),'Equities & SME')]}]
Capabilities {acceptInsecureCerts: false, browserName: chrome, browserVersion: 124.0.6367.210, chrome: {chromedriverVersion: 124.0.6367.207 (a9001a6e39f..., userDataDir: C:\Users\Kashish\AppData\Lo...}, fedcm:accounts: true, goog:chromeOptions: {debuggerAddress: localhost:55316}, networkConnectionEnabled: false, pageLoadStrategy: normal, platformName: windows, proxy: Proxy(), se:cdp: ws://localhost:55316/devtoo..., se:cdpVersion: 124.0.6367.210, setWindowRect: true, strictFileInteractability: false, timeouts: {implicit: 0, pageLoad: 300000, script: 30000}, unhandledPromptBehavior: dismiss and notify, webauthn:extension:credBlob: true, webauthn:extension:largeBlob: true, webauthn:extension:minPinLength: true, webauthn:extension:prf: true, webauthn:virtualAuthenticators: true}
Session ID: dae41a33b2b9a4fdf2319dea97bd9b25
[INFO] 2024-05-23 16:19:56.121 com.firstorg.nseindia.utility.WaitClass - Waiting for visibility of web elements
[INFO] 2024-05-23 16:19:56.545 com.firstorg.nseindia.reports.TestListeners - ***********************
[INFO] 2024-05-23 16:19:56.545 com.firstorg.nseindia.reports.TestListeners - Screenshot stored at : D:\Workstation\Automation\Code_Repo\Branches\nseindiaWebAutomation/test-reports/Report_20240523041939/Screenshots/dailyMarketReportsValidation_Thu May 23 16_19_56 IST 2024.png
[INFO] 2024-05-23 16:19:56.547 com.firstorg.nseindia.reports.TestListeners - ***********************
]]></system-out>
    <system-err><![CDATA[May 23, 2024 4:19:24 PM org.openqa.selenium.devtools.CdpVersionFinder findNearestMatch
WARNING: Unable to find an exact match for CDP version 124, returning the closest version; found: 122; Please update to a Selenium version that supports CDP version 124
]]></system-err>
  </testcase>
</testsuite>